<?xml version="1.0" encoding="UTF-8"?>
<testsuite xmlns:xsi="http://www.w3.org/2001/XMLSchema-instance" xsi:noNamespaceSchemaLocation="https://maven.apache.org/surefire/maven-surefire-plugin/xsd/surefire-test-report-3.0.xsd" version="3.0" name="org.loyer.test.MyTest" time="0.988" tests="6" errors="0" skipped="0" failures="0">
  <properties>
    <property name="sun.desktop" value="windows"/>
    <property name="awt.toolkit" value="sun.awt.windows.WToolkit"/>
    <property name="file.encoding.pkg" value="sun.io"/>
    <property name="java.specification.version" value="1.8"/>
    <property name="sun.cpu.isalist" value="amd64"/>
    <property name="sun.jnu.encoding" value="GBK"/>
    <property name="java.class.path" value="D:\Eclipse\V362-maven-mybatis\target\test-classes;D:\Eclipse\V362-maven-mybatis\target\classes;D:\Maven_localrepository\repository\org\loyerjava\loyerGUI\1.0\loyerGUI-1.0.jar;D:\Maven_localrepository\repository\org\loyerjava\jcommon\1.0.23\jcommon-1.0.23.jar;D:\Maven_localrepository\repository\org\loyerjava\jfreechart\1.0.19\jfreechart-1.0.19.jar;D:\Maven_localrepository\repository\org\loyerjava\jxl\2.6\jxl-2.6.jar;D:\Maven_localrepository\repository\org\loyerjava\mchange-commons-java\0.2.11\mchange-commons-java-0.2.11.jar;D:\Maven_localrepository\repository\org\loyerjava\org-netbeans-modules-java-j2seproject-copylibstask\1.0\org-netbeans-modules-java-j2seproject-copylibstask-1.0.jar;D:\Maven_localrepository\repository\org\loyerjava\RXTXcomm\1.0\RXTXcomm-1.0.jar;D:\Maven_localrepository\repository\org\mybatis\mybatis\3.2.1\mybatis-3.2.1.jar;D:\Maven_localrepository\repository\mysql\mysql-connector-java\8.0.11\mysql-connector-java-8.0.11.jar;D:\Maven_localrepository\repository\com\google\protobuf\protobuf-java\2.6.0\protobuf-java-2.6.0.jar;D:\Maven_localrepository\repository\junit\junit\4.12\junit-4.12.jar;D:\Maven_localrepository\repository\org\hamcrest\hamcrest-core\1.3\hamcrest-core-1.3.jar;D:\Maven_localrepository\repository\log4j\log4j\1.2.12\log4j-1.2.12.jar;D:\Maven_localrepository\repository\org\slf4j\slf4j-api\1.6.6\slf4j-api-1.6.6.jar;D:\Maven_localrepository\repository\org\slf4j\slf4j-log4j12\1.6.6\slf4j-log4j12-1.6.6.jar;D:\Maven_localrepository\repository\commons-io\commons-io\2.2\commons-io-2.2.jar;D:\Maven_localrepository\repository\commons-logging\commons-logging\1.2\commons-logging-1.2.jar;"/>
    <property name="java.vm.vendor" value="Oracle Corporation"/>
    <property name="sun.arch.data.model" value="64"/>
    <property name="user.variant" value=""/>
    <property name="java.vendor.url" value="http://java.oracle.com/"/>
    <property name="user.timezone" value="Asia/Shanghai"/>
    <property name="java.vm.specification.version" value="1.8"/>
    <property name="os.name" value="Windows 10"/>
    <property name="user.country" value="CN"/>
    <property name="sun.java.launcher" value="SUN_STANDARD"/>
    <property name="sun.boot.library.path" value="D:\Java\JDK8\jre\bin"/>
    <property name="sun.java.command" value="C:\Users\hw076\AppData\Local\Temp\surefire3191287709143351524\surefirebooter1669885880035156431.jar C:\Users\hw076\AppData\Local\Temp\surefire3191287709143351524 2019-05-09T16-37-47_684-jvmRun1 surefire5870235621961634645tmp surefire_04169137650947690893tmp"/>
    <property name="surefire.test.class.path" value="D:\Eclipse\V362-maven-mybatis\target\test-classes;D:\Eclipse\V362-maven-mybatis\target\classes;D:\Maven_localrepository\repository\org\loyerjava\loyerGUI\1.0\loyerGUI-1.0.jar;D:\Maven_localrepository\repository\org\loyerjava\jcommon\1.0.23\jcommon-1.0.23.jar;D:\Maven_localrepository\repository\org\loyerjava\jfreechart\1.0.19\jfreechart-1.0.19.jar;D:\Maven_localrepository\repository\org\loyerjava\jxl\2.6\jxl-2.6.jar;D:\Maven_localrepository\repository\org\loyerjava\mchange-commons-java\0.2.11\mchange-commons-java-0.2.11.jar;D:\Maven_localrepository\repository\org\loyerjava\org-netbeans-modules-java-j2seproject-copylibstask\1.0\org-netbeans-modules-java-j2seproject-copylibstask-1.0.jar;D:\Maven_localrepository\repository\org\loyerjava\RXTXcomm\1.0\RXTXcomm-1.0.jar;D:\Maven_localrepository\repository\org\mybatis\mybatis\3.2.1\mybatis-3.2.1.jar;D:\Maven_localrepository\repository\mysql\mysql-connector-java\8.0.11\mysql-connector-java-8.0.11.jar;D:\Maven_localrepository\repository\com\google\protobuf\protobuf-java\2.6.0\protobuf-java-2.6.0.jar;D:\Maven_localrepository\repository\junit\junit\4.12\junit-4.12.jar;D:\Maven_localrepository\repository\org\hamcrest\hamcrest-core\1.3\hamcrest-core-1.3.jar;D:\Maven_localrepository\repository\log4j\log4j\1.2.12\log4j-1.2.12.jar;D:\Maven_localrepository\repository\org\slf4j\slf4j-api\1.6.6\slf4j-api-1.6.6.jar;D:\Maven_localrepository\repository\org\slf4j\slf4j-log4j12\1.6.6\slf4j-log4j12-1.6.6.jar;D:\Maven_localrepository\repository\commons-io\commons-io\2.2\commons-io-2.2.jar;D:\Maven_localrepository\repository\commons-logging\commons-logging\1.2\commons-logging-1.2.jar;"/>
    <property name="sun.cpu.endian" value="little"/>
    <property name="user.home" value="C:\Users\hw076"/>
    <property name="user.language" value="zh"/>
    <property name="java.specification.vendor" value="Oracle Corporation"/>
    <property name="java.home" value="D:\Java\JDK8\jre"/>
    <property name="basedir" value="D:\Eclipse\V362-maven-mybatis"/>
    <property name="file.separator" value="\"/>
    <property name="line.separator" value="&#10;"/>
    <property name="java.vm.specification.vendor" value="Oracle Corporation"/>
    <property name="java.specification.name" value="Java Platform API Specification"/>
    <property name="java.awt.graphicsenv" value="sun.awt.Win32GraphicsEnvironment"/>
    <property name="surefire.real.class.path" value="C:\Users\hw076\AppData\Local\Temp\surefire3191287709143351524\surefirebooter1669885880035156431.jar"/>
    <property name="sun.boot.class.path" value="D:\Java\JDK8\jre\lib\resources.jar;D:\Java\JDK8\jre\lib\rt.jar;D:\Java\JDK8\jre\lib\sunrsasign.jar;D:\Java\JDK8\jre\lib\jsse.jar;D:\Java\JDK8\jre\lib\jce.jar;D:\Java\JDK8\jre\lib\charsets.jar;D:\Java\JDK8\jre\lib\jfr.jar;D:\Java\JDK8\jre\classes"/>
    <property name="user.script" value=""/>
    <property name="sun.management.compiler" value="HotSpot 64-Bit Tiered Compilers"/>
    <property name="java.runtime.version" value="1.8.0_181-b13"/>
    <property name="user.name" value="hw076"/>
    <property name="path.separator" value=";"/>
    <property name="os.version" value="10.0"/>
    <property name="java.endorsed.dirs" value="D:\Java\JDK8\jre\lib\endorsed"/>
    <property name="java.runtime.name" value="Java(TM) SE Runtime Environment"/>
    <property name="file.encoding" value="UTF-8"/>
    <property name="java.vm.name" value="Java HotSpot(TM) 64-Bit Server VM"/>
    <property name="localRepository" value="D:\Maven_localrepository\repository"/>
    <property name="java.vendor.url.bug" value="http://bugreport.sun.com/bugreport/"/>
    <property name="java.io.tmpdir" value="C:\Users\hw076\AppData\Local\Temp\"/>
    <property name="java.version" value="1.8.0_181"/>
    <property name="user.dir" value="D:\Eclipse\V362-maven-mybatis"/>
    <property name="os.arch" value="amd64"/>
    <property name="java.vm.specification.name" value="Java Virtual Machine Specification"/>
    <property name="java.awt.printerjob" value="sun.awt.windows.WPrinterJob"/>
    <property name="sun.os.patch.level" value=""/>
    <property name="java.library.path" value="D:\Java\JDK8\jre\bin;C:\WINDOWS\Sun\Java\bin;C:\WINDOWS\system32;C:\WINDOWS;D:\Java\JDK8\bin;D:\Java\JDK8\jre\bin;C:\Program Files (x86)\Common Files\Oracle\Java\javapath;C:\WINDOWS\system32;C:\WINDOWS;C:\WINDOWS\System32\Wbem;C:\WINDOWS\System32\WindowsPowerShell\v1.0\;C:\Program Files (x86)\NVIDIA Corporation\PhysX\Common;D:\Program Files (x86)\TDM_GCC\bin;D:\mySQL\mysql-8.0\bin;C:\Program Files (x86)\Microsoft SQL Server\100\Tools\Binn\;C:\Program Files\Microsoft SQL Server\100\Tools\Binn\;C:\Program Files\Microsoft SQL Server\100\DTS\Binn\;C:\Program Files (x86)\Microsoft SQL Server\100\Tools\Binn\VSShell\Common7\IDE\;C:\Program Files (x86)\Microsoft SQL Server\100\DTS\Binn\;D:\Program Files (x86)\AD69\System;C:\Program Files (x86)\Microsoft SQL Server\140\Tools\Binn\;C:\Program Files\Microsoft SQL Server\140\Tools\Binn\;C:\Program Files (x86)\Microsoft SQL Server\140\DTS\Binn\;C:\Program Files\Microsoft SQL Server\140\DTS\Binn\;C:\Program Files\Microsoft SQL Server\Client SDK\ODBC\130\Tools\Binn\;C:\Program Files (x86)\Microsoft SQL Server\Client SDK\ODBC\130\Tools\Binn\;C:\Program Files (x86)\Microsoft SQL Server\140\Tools\Binn\ManagementStudio\;D:\Program Files (x86)\Git\Git\cmd;C:\Program Files (x86)\IVI Foundation\VISA\WinNT\Bin\;C:\Program Files\IVI Foundation\VISA\Win64\Bin\;C:\Program Files (x86)\IVI Foundation\VISA\WinNT\Bin;C:\Program Files (x86)\IVI Foundation\VISA\WinNT\ktvisa;C:\Program Files (x86)\IVI Foundation\IVI\bin;C:\Program Files\IVI Foundation\IVI\bin;C:\Program Files (x86)\IVI Foundation\VISA\winnt\agvisa;D:\tomcat\bin;D:\apache-ant-1.9.13\bin;D:\apache-maven-3.6.0\bin;C:\Program Files\TortoiseSVN\bin;C:\Program Files (x86)\Google\Chrome\Application\;C:\Users\hw076\AppData\Local\Microsoft\WindowsApps;;D:\Program Files (x86)\IDEA\IntelliJ IDEA 2018.3.5\bin;;."/>
    <property name="java.vm.info" value="mixed mode"/>
    <property name="java.vendor" value="Oracle Corporation"/>
    <property name="java.vm.version" value="25.181-b13"/>
    <property name="java.ext.dirs" value="D:\Java\JDK8\jre\lib\ext;C:\WINDOWS\Sun\Java\lib\ext"/>
    <property name="sun.io.unicode.encoding" value="UnicodeLittle"/>
    <property name="java.class.version" value="52.0"/>
  </properties>
  <testcase name="test01" classname="org.loyer.test.MyTest" time="0.476"/>
  <testcase name="test02" classname="org.loyer.test.MyTest" time="0.005"/>
  <testcase name="test03" classname="org.loyer.test.MyTest" time="0.005"/>
  <testcase name="test04" classname="org.loyer.test.MyTest" time="0.162"/>
  <testcase name="test05" classname="org.loyer.test.MyTest" time="0.025"/>
  <testcase name="test06" classname="org.loyer.test.MyTest" time="0.27"/>
</testsuite>